Running in Lattice mode


Starting:    C:\ispLEVER_Classic2_0\synpbase\win64\mbin\synbatch.exe
Install:     C:\ispLEVER_Classic2_0\synpbase
Date:        Tue Sep 20 18:51:01 2016
Version:     I-2014.03LC 

Arguments:   -product synplify_pro  -batch c:/users/bragesae/documents/byggern/galic/galic\address_decoder.prj
ProductType: synplify_pro





log file: "C:\users\bragesae\documents\byggern\galic\galic\address_decoder.srr"

Running address_decoder|galic

Running: Compile on address_decoder|galic

Running: Compile Process on address_decoder|galic

Running: Compile Input on address_decoder|galic
Copied C:\users\bragesae\documents\byggern\galic\galic\synwork\address_decoder_comp.srs to C:\users\bragesae\documents\byggern\galic\galic\address_decoder.srs
compiler Completed
Return Code: 0
Run Time:0h:00m:02s

Running: Multi-srs Generator on address_decoder|galic
Copied C:\users\bragesae\documents\byggern\galic\galic\synwork\address_decoder_comp.srs to C:\users\bragesae\documents\byggern\galic\galic\synwork\address_decoder_s.srs
multi_srs_gen Completed
Return Code: 0
Run Time:0h:00m:00s
Copied C:\users\bragesae\documents\byggern\galic\galic\synwork\address_decoder_mult.srs to C:\users\bragesae\documents\byggern\galic\galic\address_decoder.srs
Copied C:\users\bragesae\documents\byggern\galic\galic\address_decoder.srr to C:\users\bragesae\documents\byggern\galic\galic\address_decoder.srf
Complete: Compile Process on address_decoder|galic
Complete: Compile on address_decoder|galic

Running: Map on address_decoder|galic

Running: Map & Optimize on address_decoder|galic
fpga_mapper Completed
Return Code: 0
Run Time:0h:00m:00s
Complete: Map on address_decoder|galic
Complete: Logic Synthesis on address_decoder|galic

exit status=0

exit status=0

